Rename transformation : Renamed from named_parameter to chapter3 - parameters and kettle properties
Rename transformation : Renamed from chapter4 connecting to & exploring a database to chapter4 - connecting to & exploring a database
Rename transformation : Renamed from chapter2- transformation basics to chapter2 - transformation basics
Rename transformation : Renamed from chapter 4 - Insert data to chapter 4 - Insert data
Rename transformation : Renamed from chapter 4 - Insert data to chapter 4 - Insert data
Rename transformation : Renamed from chapter 4 - Insert data to chapter4 - Insert data
Rename transformation : Renamed from Chapater 4 - Delete data to Chapater4 - Delete data
Rename transformation : Renamed from Chapater 4 - Delete data to Chapater4 - Delete data
Rename transformation : Renamed from Chapter 5 - Merge Data to Chapter5 - Merge Data
Rename transformation : Renamed from Chapater4 - Delete data to Chapter4 - Delete data
Rename transformation : Renamed from chapter5 - parallel processing to Chapter5 - parallel processing
Rename transformation : Renamed from chapter5 - parallel processing to Chapter5 - parallel processing
Rename transformation : Renamed from chapter4 - connecting to & exploring a database to Chapter4 - connecting to & exploring a database
Rename transformation : Renamed from chapter3 - switchcase to Chapter3 - switchcase
Rename transformation : Renamed from chapter2 - transformation basics to Chapter2 - transformation basics
Rename transformation : Renamed from chapter3 - parameters and kettle properties to Chapter3 - parameters and kettle properties
Rename transformation : Renamed from chapter3 - serialize and deserialize to Chapter3 - serialize and deserialize
Rename transformation : Renamed from chapter4 - Insert data to Chapter4 - Insert data
Rename transformation : Renamed from chapter5 - copy and distribute data to Chapter5 - copy and distribute data
Rename job : Renamed from Chapter7 - Looping to Chapter7 - Looping Job
Save repository element : /chapter 4 - Insert data : Checked in
